build/outputs/mapping/debug/seeds.txt
com.example.HelloWorldActivity
com.example.HelloWorldActivity: HelloWorldActivity()